530000097|alexander|meyer|chief information officer|United Kingdom|Information Technology and Services|0|0
578317029|julian|ball|chief technology officer|United Kingdom|Business Services|0|0
637967451|tiffany|gunn|manager of security services|Canada|Hospitality|0|0
638233473|tracey|mcmanus|director , human resources|Canada|Manufacturing|0|0
638539400|patrick|gamache|technicien informatique|Canada|Telecommunications|0|0
638844364|navin|michael|technical project manager|United Kingdom|Telecommunications|0|0
638864301|murali|gopalakrishna|director, platform and technology strategy . (sony distinguished engineer)|United Kingdom|Telecommunications|0|0
639024037|hock ong|choon|regional director of information technology|Canada|Hospitality|0|0
639865833|jonathan|palardy|tech yahoo, software development engineer|Canada|Telecommunications|0|0
639927162|david j.|peace|ed, technology ind development|Canada|Telecommunications|0|0
640008741|tracy|glover|uk facilities and services manager|United Kingdom|Electronics|0|0
640052334|harry|busby|client services manager|United Kingdom|Financial Services|0|167
640696810|beth|cybulski|information technology project manager|Canada|Investment Banking|0|0
640718558|helen|clay|human resources manager|United Kingdom|Electronics|0|0
640756079|maureen|greer|manager central  service|Canada|Hospital & Health Care|0|0
640827535|roman|ilekys|project manager - information technology|Canada|Retail|0|0
640829194|tom j.|schmitt|president, chief executive officer, fedex global supply chain services|Canada|Business Services|0|0
640976296|kevin|cabioc|financial services manager|Canada|Motor Vehicle Dealers|0|0
641416938|gemma|rogers|divisional senior human resources generalist|Canada|Nonprofit Organization Management|0|0
641439072|connie|denning|supply tech|United States|Military|0|0
641461239|mandeep|dhaliwal|information technology support analyst|Canada|Education|0|0
641505796|hannady|morsi|director of core services|United States|Real Estate|0|0
641515692|brian|cervi|president (contract services)|Canada|Consumer Electronics|0|0
641581641|rahul|thankachan|technical consultant|United States|Education|0|0
641593304|robert|chabot|information technology and information systems manager|Canada|Transportation/Trucking/Railroad|0|0
641870992|raj|jagdev|technical director|United Kingdom|Motor Vehicle Dealers|0|0
641994031|mark|kohlman|technical instructor|Canada|Electrical/Electronic Manufacturing|0|55
642150632|donnie|clarke|customer service manager|Canada|Electronics|0|0
642225306|jordan g.|wight|era technical specialist|United States|Education|0|0
642282246|karen|clifford|information technology analyst, applications lead|United States|Education|0|0
642285496|cynthia|clifford|head of technical services|United States|Libraries|0|0
642315601|min|wu|technical specialist|Canada|Hospital & Health Care|0|0
642362433|nicola|clancy|head of human resources for rc|United Kingdom|Business Services|0|0
642790375|lauren|coleman|internal services coordinator   human resources|United States|Banking|0|0
642807367|james lee|connor|professor of medical humanities and history of medicine|Canada|Education|0|0
642831352|hanna rose|cornford|assistant technical designer|United States|Retail|0|0
642840963|rachael|costa|graduate geotechnical engineer|United Kingdom|Construction|0|0
642852126|shweta|pai|manager ( fund accounting services )|United Kingdom|Investment Banking|0|0
642867140|carolyn|peck|information technology services marketing specialist|United States|Education|0|0
642881709|gabe|pinto|financial services manager|Canada|Motor Vehicle Dealers|0|0
642959701|maribeth d.|cruz|administrative assistant and information technology coordinator|United States|Hospitality|0|0
642962311|karina|cruz|manager- transportation and parking services|United States|Education|0|0
642985991|colin k.|currie|executive director of administrative information services, office of information technology|United States|Real Estate|0|0
643025071|smith|sarah|director of library services and learning resources|United States|Education|0|0
643073597|vaughan|stevenson|information technology support|Canada|Education|0|0
643095120|victoria lynee|reid|human resources generalist|United States|Education|0|0
643155095|wendy|totten|human resources information systems administrator|Canada|Food & Beverages|0|0
643179389|colleen|isaacs|human resources|United States|Education|0|0
643196909|brian j.|weinblatt|part-time lecturer, school of education and human development|United States|Education|0|0
643203432|carol|weinmann|vice president shared support services|United Kingdom|Banking|0|0
643381478|kirsten l.|boyd|director of emergency services|United States|Education|0|0
643391761|alan|bowler|global information technology development manager|United Kingdom|Banking|0|0
643439590|brian|cloherty|advance planning director - family service director|United States|Consumer Services|0|0
643456082|john|fleming|director , information technology|Canada|Food & Beverages|0|0
643484180|stephen|clough|head of technical projects|United Kingdom|Investment Banking|0|0
643495840|linda h.|clowers|human resources specialist, human resource info systems|United States|Education|0|0
643514365|klara|jelinkova|information technology administrator|United States|Education|0|0
643537761|perry|costello|technical director|United Kingdom|Hospitality|0|0
643545121|donna|costigan|first shift building services supervisor|United States|Education|0|0
643581849|roger|côté|vice president of services|Canada|Education|0|0
643583836|zack|fraser|administrative assistant - medical services and office of the physician-in-chief|Canada|Banking|0|0
643632404|nick|emery|corporate manager - financial services|United Kingdom|Business Services|0|0
643633145|tori|coward|instructional designer and elearning developer and senior technical writer and trainer|United States|Security Products & Services|0|0
643668150|alastair|cox|firstline technical support engineer|United Kingdom|Telecommunications|0|0
643705494|neha|jaiswal|senior technical recruiter|United States|Business Services|0|0
643713221|manuel|covarrubias|technical manager hispanic latin america|United Kingdom|Computer Software|0|0
643736888|michelle|dargan|human resources manager|United Kingdom|Food & Beverages|0|0
643792688|ellie|garvey|group human resources manager|United Kingdom|Law Practice|0|0
643793696|kate|garvie|human resources manager|United Kingdom|Retail|0|0
643933583|vanessa|garlick|position in information technology|United Kingdom|Education|0|0
643949141|faysal|kabir|consumer electronics technical|United Kingdom|Retail|0|0
644006018|yusuf|karaca|manager, classroom present technol|United States|Education|0|0
644026456|adam|gavin|senior manager technology operations|United States|Education|0|0
644039185|yvonne|barker|service manager|United Kingdom|Libraries|0|0
644123131|steve|biermann|dean - technical education|United States|Education|0|0
644162566|martin|georgievski|senior information technology consultant - cloud security|United States|Banking|0|0
644174181|ian|bradford|sap human resources and payroll consultant|United Kingdom|Business Services|0|0
644199813|vernon|bradley|parking services director|United States|Education|0|0
644236600|david|burke|information technology project manager|United Kingdom|Business Services|0|0
644243628|daniela|burton|human resources coordinator|Canada|Hospitality|0|0
644270740|geemon|george|lab tech|United States|Education|0|0
644299700|skip|keats|senior lead technical recruiter|United States|Business Services|0|0
644838007|jamie|gill|service improvement director|United Kingdom|Retail|0|0
645315777|chrissy|johnson|senior information manager|United States|Pharmaceuticals|0|0
645371347|mickey|sharma|manager-technology|United States|Internet|0|0
645461247|kim|goodson|senior human resources leader|United States|Electronics|0|0
645502468|michael|miyahara|client services manager|United States|Telecommunications|0|0
645509891|kirk|mize|director, customer service and inside sales; process technologies division|United States|Manufacturing|0|0
645526703|gonzo|gonzales|director of event technology|United States|Retail|0|0
645574312|james|goral|vice president and medical director, usaa life insurance and investment services|United States|Insurance|0|0
645593725|tony|rutigliano|manager of service parts engineering|United States|Telecommunications|0|0
645601331|neha|goswami|ssu human resources|United States|Information Technology and Services|0|0
645621128|mark|muchow|strategic account director,- technology vertical|United States|Internet|0|0
645647371|tk|ting|technical director, water and urban development, hong kong|United States|Management Consulting|0|0
645651353|w.|murphy|senior technical specialist|United States|Management Consulting|0|0
645674466|paul|tower|service desk manager|United States|Business Services|0|0
645798973|ralph|alfaro|chief information officer|United States|Brokerage|0|0
645937891|daniel martinez|fuentes|learning technologies manager|United States|Consumer Electronics|0|0
646027123|david|nehra|vice president and chief information officer|United States|Hospitality|0|0
646037231|david|neuman|senior director, information security operations|United States|Information Technology and Services|0|0
